android/app/build/intermediates/manifest_merge_blame_file/debug/processDebugMainManifest/manifest-merger-blame-debug-report.txt
1<?xml version="1.0" encoding="utf-8"?>
2<manifest xmlns:android="http://schemas.android.com/apk/res/android"
3    package="com.zeework.aadist"
4    android:versionCode="1"
5    android:versionName="1.0.0" >
6
7    <uses-sdk
8        android:minSdkVersion="23"
9        android:targetSdkVersion="35" />
10    <!--
11         The INTERNET permission is required for development. Specifically,
12         the Flutter tool needs it to communicate with the running application
13         to allow setting breakpoints, to provide hot reload, etc.
14    -->
15    <uses-permission android:name="android.permission.INTERNET" />
15-->src\main\AndroidManifest.xml:3:5-67
15-->src\main\AndroidManifest.xml:3:22-64
16    <uses-permission android:name="android.permission.ACCESS_NETWORK_STATE" />
16-->src\main\AndroidManifest.xml:4:5-79
16-->src\main\AndroidManifest.xml:4:22-76
17    <!--
18 Required to query activities that can process text, see:
19         https://developer.android.com/training/package-visibility and
20         https://developer.android.com/reference/android/content/Intent#ACTION_PROCESS_TEXT.
21
22         In particular, this is used by the Flutter engine in io.flutter.plugin.text.ProcessTextPlugin.
23    -->
24    <queries>
24-->src\main\AndroidManifest.xml:47:5-52:15
25        <intent>
25-->src\main\AndroidManifest.xml:48:9-51:18
26            <action android:name="android.intent.action.PROCESS_TEXT" />
26-->src\main\AndroidManifest.xml:49:13-72
26-->src\main\AndroidManifest.xml:49:21-70
27
28            <data android:mimeType="text/plain" />
28-->src\main\AndroidManifest.xml:50:13-50
28-->src\main\AndroidManifest.xml:50:19-48
29        </intent>
30        <!-- For browser content -->
31        <intent>
31-->[com.google.android.gms:play-services-ads-api:24.1.0] AndroidManifest.xml:38:9-44:18
32            <action android:name="android.intent.action.VIEW" />
32-->[com.google.android.gms:play-services-ads-api:24.1.0] AndroidManifest.xml:39:13-65
32-->[com.google.android.gms:play-services-ads-api:24.1.0] AndroidManifest.xml:39:21-62
33
34            <category android:name="android.intent.category.BROWSABLE" />
34-->[com.google.android.gms:play-services-ads-api:24.1.0] AndroidManifest.xml:41:13-74
34-->[com.google.android.gms:play-services-ads-api:24.1.0] AndroidManifest.xml:41:23-71
35
36            <data android:scheme="https" />
36-->src\main\AndroidManifest.xml:50:13-50
37        </intent> <!-- End of browser content -->
38        <!-- For CustomTabsService -->
39        <intent>
39-->[com.google.android.gms:play-services-ads-api:24.1.0] AndroidManifest.xml:47:9-49:18
40            <action android:name="android.support.customtabs.action.CustomTabsService" />
40-->[com.google.android.gms:play-services-ads-api:24.1.0] AndroidManifest.xml:48:13-90
40-->[com.google.android.gms:play-services-ads-api:24.1.0] AndroidManifest.xml:48:21-87
41        </intent> <!-- End of CustomTabsService -->
42        <!-- For MRAID capabilities -->
43        <intent>
43-->[com.google.android.gms:play-services-ads-api:24.1.0] AndroidManifest.xml:52:9-56:18
44            <action android:name="android.intent.action.INSERT" />
44-->[com.google.android.gms:play-services-ads-api:24.1.0] AndroidManifest.xml:53:13-67
44-->[com.google.android.gms:play-services-ads-api:24.1.0] AndroidManifest.xml:53:21-64
45
46            <data android:mimeType="vnd.android.cursor.dir/event" />
46-->src\main\AndroidManifest.xml:50:13-50
46-->src\main\AndroidManifest.xml:50:19-48
47        </intent>
48        <intent>
48-->[com.google.android.gms:play-services-ads-api:24.1.0] AndroidManifest.xml:57:9-61:18
49            <action android:name="android.intent.action.VIEW" />
49-->[com.google.android.gms:play-services-ads-api:24.1.0] AndroidManifest.xml:39:13-65
49-->[com.google.android.gms:play-services-ads-api:24.1.0] AndroidManifest.xml:39:21-62
50
51            <data android:scheme="sms" />
51-->src\main\AndroidManifest.xml:50:13-50
52        </intent>
53        <intent>
53-->[com.google.android.gms:play-services-ads-api:24.1.0] AndroidManifest.xml:62:9-66:18
54            <action android:name="android.intent.action.DIAL" />
54-->[com.google.android.gms:play-services-ads-api:24.1.0] AndroidManifest.xml:63:13-65
54-->[com.google.android.gms:play-services-ads-api:24.1.0] AndroidManifest.xml:63:21-62
55
56            <data android:path="tel:" />
56-->src\main\AndroidManifest.xml:50:13-50
57        </intent>
58    </queries>
59
60    <uses-permission android:name="android.permission.WAKE_LOCK" /> <!-- Permissions options for the `notification` group -->
60-->[:firebase_messaging] AndroidManifest.xml:8:5-68
60-->[:firebase_messaging] AndroidManifest.xml:8:22-65
61    <uses-permission android:name="android.permission.POST_NOTIFICATIONS" /> <!-- Required by older versions of Google Play services to create IID tokens -->
61-->[:firebase_messaging] AndroidManifest.xml:11:5-77
61-->[:firebase_messaging] AndroidManifest.xml:11:22-74
62    <uses-permission android:name="com.google.android.c2dm.permission.RECEIVE" />
62-->[com.google.firebase:firebase-messaging:23.4.1] AndroidManifest.xml:26:5-82
62-->[com.google.firebase:firebase-messaging:23.4.1] AndroidManifest.xml:26:22-79
63    <uses-permission android:name="com.google.android.gms.permission.AD_ID" />
63-->[com.google.android.gms:play-services-measurement-api:21.6.1] AndroidManifest.xml:25:5-79
63-->[com.google.android.gms:play-services-measurement-api:21.6.1] AndroidManifest.xml:25:22-76
64    <uses-permission android:name="android.permission.ACCESS_ADSERVICES_ATTRIBUTION" />
64-->[com.google.android.gms:play-services-measurement-api:21.6.1] AndroidManifest.xml:26:5-88
64-->[com.google.android.gms:play-services-measurement-api:21.6.1] AndroidManifest.xml:26:22-85
65    <uses-permission android:name="android.permission.ACCESS_ADSERVICES_AD_ID" />
65-->[com.google.android.gms:play-services-measurement-api:21.6.1] AndroidManifest.xml:27:5-82
65-->[com.google.android.gms:play-services-measurement-api:21.6.1] AndroidManifest.xml:27:22-79
66    <uses-permission android:name="android.permission.ACCESS_ADSERVICES_TOPICS" />
66-->[com.google.android.gms:play-services-ads-api:24.1.0] AndroidManifest.xml:29:5-83
66-->[com.google.android.gms:play-services-ads-api:24.1.0] AndroidManifest.xml:29:22-80
67    <uses-permission android:name="com.google.android.finsky.permission.BIND_GET_INSTALL_REFERRER_SERVICE" />
67-->[com.google.android.gms:play-services-measurement:21.6.1] AndroidManifest.xml:26:5-110
67-->[com.google.android.gms:play-services-measurement:21.6.1] AndroidManifest.xml:26:22-107
68    <uses-permission android:name="android.permission.FOREGROUND_SERVICE" />
68-->[androidx.work:work-runtime:2.7.0] AndroidManifest.xml:28:5-77
68-->[androidx.work:work-runtime:2.7.0] AndroidManifest.xml:28:22-74
69
70    <permission
70-->[androidx.core:core:1.13.1] AndroidManifest.xml:22:5-24:47
71        android:name="com.zeework.aadist.DYNAMIC_RECEIVER_NOT_EXPORTED_PERMISSION"
71-->[androidx.core:core:1.13.1] AndroidManifest.xml:23:9-81
72        android:protectionLevel="signature" />
72-->[androidx.core:core:1.13.1] AndroidManifest.xml:24:9-44
73
74    <uses-permission android:name="com.zeework.aadist.DYNAMIC_RECEIVER_NOT_EXPORTED_PERMISSION" />
74-->[androidx.core:core:1.13.1] AndroidManifest.xml:26:5-97
74-->[androidx.core:core:1.13.1] AndroidManifest.xml:26:22-94
75
76    <application
77        android:name="android.app.Application"
78        android:appComponentFactory="androidx.core.app.CoreComponentFactory"
78-->[androidx.core:core:1.13.1] AndroidManifest.xml:28:18-86
79        android:debuggable="true"
80        android:enableOnBackInvokedCallback="true"
81        android:extractNativeLibs="false"
82        android:icon="@mipmap/ic_launcher"
83        android:label="AA App"
84        android:networkSecurityConfig="@xml/network_security_config"
85        android:usesCleartextTraffic="true" >
86        <activity
87            android:name="com.zeework.aadist.MainActivity"
88            android:configChanges="orientation|keyboardHidden|keyboard|screenSize|smallestScreenSize|locale|layoutDirection|fontScale|screenLayout|density|uiMode"
89            android:enableOnBackInvokedCallback="true"
90            android:exported="true"
91            android:hardwareAccelerated="true"
92            android:launchMode="singleTop"
93            android:taskAffinity=""
94            android:theme="@style/LaunchTheme"
95            android:windowSoftInputMode="adjustResize" >
96
97            <!--
98                 Specifies an Android theme to apply to this Activity as soon as
99                 the Android process has started. This theme is visible to the user
100                 while the Flutter UI initializes. After that, this theme continues
101                 to determine the Window background behind the Flutter UI.
102            -->
103            <meta-data
104                android:name="io.flutter.embedding.android.NormalTheme"
105                android:resource="@style/NormalTheme" />
106
107            <intent-filter>
108                <action android:name="android.intent.action.MAIN" />
109
110                <category android:name="android.intent.category.LAUNCHER" />
111            </intent-filter>
112        </activity>
113        <!--
114             Don't delete the meta-data below.
115             This is used by the Flutter tool to generate GeneratedPluginRegistrant.java
116        -->
117        <meta-data
118            android:name="flutterEmbedding"
119            android:value="2" />
120        <meta-data
120-->[:google_mobile_ads] AndroidManifest.xml:10:9-12:36
121            android:name="io.flutter.embedded_views_preview"
121-->[:google_mobile_ads] AndroidManifest.xml:11:13-61
122            android:value="true" />
122-->[:google_mobile_ads] AndroidManifest.xml:12:13-33
123
124        <service
124-->[:firebase_messaging] AndroidManifest.xml:14:9-17:72
125            android:name="io.flutter.plugins.firebase.messaging.FlutterFirebaseMessagingBackgroundService"
125-->[:firebase_messaging] AndroidManifest.xml:15:13-107
126            android:exported="false"
126-->[:firebase_messaging] AndroidManifest.xml:16:13-37
127            android:permission="android.permission.BIND_JOB_SERVICE" />
127-->[:firebase_messaging] AndroidManifest.xml:17:13-69
128        <service
128-->[:firebase_messaging] AndroidManifest.xml:18:9-24:19
129            android:name="io.flutter.plugins.firebase.messaging.FlutterFirebaseMessagingService"
129-->[:firebase_messaging] AndroidManifest.xml:19:13-97
130            android:exported="false" >
130-->[:firebase_messaging] AndroidManifest.xml:20:13-37
131            <intent-filter>
131-->[:firebase_messaging] AndroidManifest.xml:21:13-23:29
132                <action android:name="com.google.firebase.MESSAGING_EVENT" />
132-->[:firebase_messaging] AndroidManifest.xml:22:17-78
132-->[:firebase_messaging] AndroidManifest.xml:22:25-75
133            </intent-filter>
134        </service>
135
136        <receiver
136-->[:firebase_messaging] AndroidManifest.xml:26:9-33:20
137            android:name="io.flutter.plugins.firebase.messaging.FlutterFirebaseMessagingReceiver"
137-->[:firebase_messaging] AndroidManifest.xml:27:13-98
138            android:exported="true"
138-->[:firebase_messaging] AndroidManifest.xml:28:13-36
139            android:permission="com.google.android.c2dm.permission.SEND" >
139-->[:firebase_messaging] AndroidManifest.xml:29:13-73
140            <intent-filter>
140-->[:firebase_messaging] AndroidManifest.xml:30:13-32:29
141                <action android:name="com.google.android.c2dm.intent.RECEIVE" />
141-->[:firebase_messaging] AndroidManifest.xml:31:17-81
141-->[:firebase_messaging] AndroidManifest.xml:31:25-78
142            </intent-filter>
143        </receiver>
144
145        <service
145-->[:firebase_messaging] AndroidManifest.xml:35:9-39:19
146            android:name="com.google.firebase.components.ComponentDiscoveryService"
146-->[:firebase_messaging] AndroidManifest.xml:35:18-89
147            android:directBootAware="true"
147-->[com.google.firebase:firebase-common:20.4.3] AndroidManifest.xml:32:13-43
148            android:exported="false" >
148-->[com.google.firebase:firebase-messaging:23.4.1] AndroidManifest.xml:56:13-37
149            <meta-data
149-->[:firebase_messaging] AndroidManifest.xml:36:13-38:85
150                android:name="com.google.firebase.components:io.flutter.plugins.firebase.messaging.FlutterFirebaseAppRegistrar"
150-->[:firebase_messaging] AndroidManifest.xml:37:17-128
151                android:value="com.google.firebase.components.ComponentRegistrar" />
151-->[:firebase_messaging] AndroidManifest.xml:38:17-82
152            <meta-data
152-->[:firebase_analytics] AndroidManifest.xml:13:13-15:85
153                android:name="com.google.firebase.components:io.flutter.plugins.firebase.analytics.FlutterFirebaseAppRegistrar"
153-->[:firebase_analytics] AndroidManifest.xml:14:17-128
154                android:value="com.google.firebase.components.ComponentRegistrar" />
154-->[:firebase_analytics] AndroidManifest.xml:15:17-82
155            <meta-data
155-->[:firebase_core] AndroidManifest.xml:9:13-11:85
156                android:name="com.google.firebase.components:io.flutter.plugins.firebase.core.FlutterFirebaseCoreRegistrar"
156-->[:firebase_core] AndroidManifest.xml:10:17-124
157                android:value="com.google.firebase.components.ComponentRegistrar" />
157-->[:firebase_core] AndroidManifest.xml:11:17-82
158            <meta-data
158-->[com.google.firebase:firebase-messaging:23.4.1] AndroidManifest.xml:57:13-59:85
159                android:name="com.google.firebase.components:com.google.firebase.messaging.FirebaseMessagingKtxRegistrar"
159-->[com.google.firebase:firebase-messaging:23.4.1] AndroidManifest.xml:58:17-122
160                android:value="com.google.firebase.components.ComponentRegistrar" />
160-->[com.google.firebase:firebase-messaging:23.4.1] AndroidManifest.xml:59:17-82
161            <meta-data
161-->[com.google.firebase:firebase-messaging:23.4.1] AndroidManifest.xml:60:13-62:85
162                android:name="com.google.firebase.components:com.google.firebase.messaging.FirebaseMessagingRegistrar"
162-->[com.google.firebase:firebase-messaging:23.4.1] AndroidManifest.xml:61:17-119
163                android:value="com.google.firebase.components.ComponentRegistrar" />
163-->[com.google.firebase:firebase-messaging:23.4.1] AndroidManifest.xml:62:17-82
164            <meta-data
164-->[com.google.firebase:firebase-iid:21.1.0] AndroidManifest.xml:32:13-34:85
165                android:name="com.google.firebase.components:com.google.firebase.iid.Registrar"
165-->[com.google.firebase:firebase-iid:21.1.0] AndroidManifest.xml:33:17-96
166                android:value="com.google.firebase.components.ComponentRegistrar" />
166-->[com.google.firebase:firebase-iid:21.1.0] AndroidManifest.xml:34:17-82
167            <meta-data
167-->[com.google.android.gms:play-services-measurement-api:21.6.1] AndroidManifest.xml:37:13-39:85
168                android:name="com.google.firebase.components:com.google.firebase.analytics.connector.internal.AnalyticsConnectorRegistrar"
168-->[com.google.android.gms:play-services-measurement-api:21.6.1] AndroidManifest.xml:38:17-139
169                android:value="com.google.firebase.components.ComponentRegistrar" />
169-->[com.google.android.gms:play-services-measurement-api:21.6.1] AndroidManifest.xml:39:17-82
170            <meta-data
170-->[com.google.firebase:firebase-installations:17.2.0] AndroidManifest.xml:15:13-17:85
171                android:name="com.google.firebase.components:com.google.firebase.installations.FirebaseInstallationsKtxRegistrar"
171-->[com.google.firebase:firebase-installations:17.2.0] AndroidManifest.xml:16:17-130
172                android:value="com.google.firebase.components.ComponentRegistrar" />
172-->[com.google.firebase:firebase-installations:17.2.0] AndroidManifest.xml:17:17-82
173            <meta-data
173-->[com.google.firebase:firebase-installations:17.2.0] AndroidManifest.xml:18:13-20:85
174                android:name="com.google.firebase.components:com.google.firebase.installations.FirebaseInstallationsRegistrar"
174-->[com.google.firebase:firebase-installations:17.2.0] AndroidManifest.xml:19:17-127
175                android:value="com.google.firebase.components.ComponentRegistrar" />
175-->[com.google.firebase:firebase-installations:17.2.0] AndroidManifest.xml:20:17-82
176            <meta-data
176-->[com.google.firebase:firebase-common-ktx:20.4.3] AndroidManifest.xml:12:13-14:85
177                android:name="com.google.firebase.components:com.google.firebase.ktx.FirebaseCommonLegacyRegistrar"
177-->[com.google.firebase:firebase-common-ktx:20.4.3] AndroidManifest.xml:13:17-116
178                android:value="com.google.firebase.components.ComponentRegistrar" />
178-->[com.google.firebase:firebase-common-ktx:20.4.3] AndroidManifest.xml:14:17-82
179            <meta-data
179-->[com.google.firebase:firebase-common:20.4.3] AndroidManifest.xml:35:13-37:85
180                android:name="com.google.firebase.components:com.google.firebase.FirebaseCommonKtxRegistrar"
180-->[com.google.firebase:firebase-common:20.4.3] AndroidManifest.xml:36:17-109
181                android:value="com.google.firebase.components.ComponentRegistrar" />
181-->[com.google.firebase:firebase-common:20.4.3] AndroidManifest.xml:37:17-82
182            <meta-data
182-->[com.google.firebase:firebase-datatransport:18.1.7] AndroidManifest.xml:27:13-29:85
183                android:name="com.google.firebase.components:com.google.firebase.datatransport.TransportRegistrar"
183-->[com.google.firebase:firebase-datatransport:18.1.7] AndroidManifest.xml:28:17-115
184                android:value="com.google.firebase.components.ComponentRegistrar" />
184-->[com.google.firebase:firebase-datatransport:18.1.7] AndroidManifest.xml:29:17-82
185        </service>
186
187        <provider
187-->[:firebase_messaging] AndroidManifest.xml:41:9-45:38
188            android:name="io.flutter.plugins.firebase.messaging.FlutterFirebaseMessagingInitProvider"
188-->[:firebase_messaging] AndroidManifest.xml:42:13-102
189            android:authorities="com.zeework.aadist.flutterfirebasemessaginginitprovider"
189-->[:firebase_messaging] AndroidManifest.xml:43:13-88
190            android:exported="false"
190-->[:firebase_messaging] AndroidManifest.xml:44:13-37
191            android:initOrder="99" />
191-->[:firebase_messaging] AndroidManifest.xml:45:13-35
192
193        <receiver
193-->[com.google.firebase:firebase-messaging:23.4.1] AndroidManifest.xml:29:9-40:20
194            android:name="com.google.firebase.iid.FirebaseInstanceIdReceiver"
194-->[com.google.firebase:firebase-messaging:23.4.1] AndroidManifest.xml:30:13-78
195            android:exported="true"
195-->[com.google.firebase:firebase-messaging:23.4.1] AndroidManifest.xml:31:13-36
196            android:permission="com.google.android.c2dm.permission.SEND" >
196-->[com.google.firebase:firebase-messaging:23.4.1] AndroidManifest.xml:32:13-73
197            <intent-filter>
197-->[:firebase_messaging] AndroidManifest.xml:30:13-32:29
198                <action android:name="com.google.android.c2dm.intent.RECEIVE" />
198-->[:firebase_messaging] AndroidManifest.xml:31:17-81
198-->[:firebase_messaging] AndroidManifest.xml:31:25-78
199            </intent-filter>
200
201            <meta-data
201-->[com.google.firebase:firebase-messaging:23.4.1] AndroidManifest.xml:37:13-39:40
202                android:name="com.google.android.gms.cloudmessaging.FINISHED_AFTER_HANDLED"
202-->[com.google.firebase:firebase-messaging:23.4.1] AndroidManifest.xml:38:17-92
203                android:value="true" />
203-->[com.google.firebase:firebase-messaging:23.4.1] AndroidManifest.xml:39:17-37
204        </receiver>
205        <!--
206             FirebaseMessagingService performs security checks at runtime,
207             but set to not exported to explicitly avoid allowing another app to call it.
208        -->
209        <service
209-->[com.google.firebase:firebase-messaging:23.4.1] AndroidManifest.xml:46:9-53:19
210            android:name="com.google.firebase.messaging.FirebaseMessagingService"
210-->[com.google.firebase:firebase-messaging:23.4.1] AndroidManifest.xml:47:13-82
211            android:directBootAware="true"
211-->[com.google.firebase:firebase-messaging:23.4.1] AndroidManifest.xml:48:13-43
212            android:exported="false" >
212-->[com.google.firebase:firebase-messaging:23.4.1] AndroidManifest.xml:49:13-37
213            <intent-filter android:priority="-500" >
213-->[:firebase_messaging] AndroidManifest.xml:21:13-23:29
214                <action android:name="com.google.firebase.MESSAGING_EVENT" />
214-->[:firebase_messaging] AndroidManifest.xml:22:17-78
214-->[:firebase_messaging] AndroidManifest.xml:22:25-75
215            </intent-filter>
216        </service>
217
218        <property
218-->[com.google.android.gms:play-services-measurement-api:21.6.1] AndroidManifest.xml:30:9-32:61
219            android:name="android.adservices.AD_SERVICES_CONFIG"
219-->[com.google.android.gms:play-services-measurement-api:21.6.1] AndroidManifest.xml:31:13-65
220            android:resource="@xml/ga_ad_services_config" /> <!-- Include the AdActivity and InAppPurchaseActivity configChanges and themes. -->
220-->[com.google.android.gms:play-services-measurement-api:21.6.1] AndroidManifest.xml:32:13-58
221        <activity
221-->[com.google.android.gms:play-services-ads-api:24.1.0] AndroidManifest.xml:73:9-78:43
222            android:name="com.google.android.gms.ads.AdActivity"
222-->[com.google.android.gms:play-services-ads-api:24.1.0] AndroidManifest.xml:74:13-65
223            android:configChanges="keyboard|keyboardHidden|orientation|screenLayout|uiMode|screenSize|smallestScreenSize"
223-->[com.google.android.gms:play-services-ads-api:24.1.0] AndroidManifest.xml:75:13-122
224            android:exported="false"
224-->[com.google.android.gms:play-services-ads-api:24.1.0] AndroidManifest.xml:76:13-37
225            android:theme="@android:style/Theme.Translucent" />
225-->[com.google.android.gms:play-services-ads-api:24.1.0] AndroidManifest.xml:77:13-61
226
227        <provider
227-->[com.google.android.gms:play-services-ads-api:24.1.0] AndroidManifest.xml:80:9-85:43
228            android:name="com.google.android.gms.ads.MobileAdsInitProvider"
228-->[com.google.android.gms:play-services-ads-api:24.1.0] AndroidManifest.xml:81:13-76
229            android:authorities="com.zeework.aadist.mobileadsinitprovider"
229-->[com.google.android.gms:play-services-ads-api:24.1.0] AndroidManifest.xml:82:13-73
230            android:exported="false"
230-->[com.google.android.gms:play-services-ads-api:24.1.0] AndroidManifest.xml:83:13-37
231            android:initOrder="100" />
231-->[com.google.android.gms:play-services-ads-api:24.1.0] AndroidManifest.xml:84:13-36
232
233        <service
233-->[com.google.android.gms:play-services-ads-api:24.1.0] AndroidManifest.xml:87:9-91:43
234            android:name="com.google.android.gms.ads.AdService"
234-->[com.google.android.gms:play-services-ads-api:24.1.0] AndroidManifest.xml:88:13-64
235            android:enabled="true"
235-->[com.google.android.gms:play-services-ads-api:24.1.0] AndroidManifest.xml:89:13-35
236            android:exported="false" />
236-->[com.google.android.gms:play-services-ads-api:24.1.0] AndroidManifest.xml:90:13-37
237
238        <activity
238-->[com.google.android.gms:play-services-ads-api:24.1.0] AndroidManifest.xml:93:9-97:43
239            android:name="com.google.android.gms.ads.OutOfContextTestingActivity"
239-->[com.google.android.gms:play-services-ads-api:24.1.0] AndroidManifest.xml:94:13-82
240            android:configChanges="keyboard|keyboardHidden|orientation|screenLayout|uiMode|screenSize|smallestScreenSize"
240-->[com.google.android.gms:play-services-ads-api:24.1.0] AndroidManifest.xml:95:13-122
241            android:exported="false" />
241-->[com.google.android.gms:play-services-ads-api:24.1.0] AndroidManifest.xml:96:13-37
242        <activity
242-->[com.google.android.gms:play-services-ads-api:24.1.0] AndroidManifest.xml:98:9-105:43
243            android:name="com.google.android.gms.ads.NotificationHandlerActivity"
243-->[com.google.android.gms:play-services-ads-api:24.1.0] AndroidManifest.xml:99:13-82
244            android:excludeFromRecents="true"
244-->[com.google.android.gms:play-services-ads-api:24.1.0] AndroidManifest.xml:100:13-46
245            android:exported="false"
245-->[com.google.android.gms:play-services-ads-api:24.1.0] AndroidManifest.xml:101:13-37
246            android:launchMode="singleTask"
246-->[com.google.android.gms:play-services-ads-api:24.1.0] AndroidManifest.xml:102:13-44
247            android:taskAffinity=""
247-->[com.google.android.gms:play-services-ads-api:24.1.0] AndroidManifest.xml:103:13-36
248            android:theme="@android:style/Theme.Translucent.NoTitleBar" />
248-->[com.google.android.gms:play-services-ads-api:24.1.0] AndroidManifest.xml:104:13-72
249
250        <meta-data
250-->[com.google.android.gms:play-services-ads-api:24.1.0] AndroidManifest.xml:107:9-109:36
251            android:name="com.google.android.gms.ads.flag.OPTIMIZE_AD_LOADING"
251-->[com.google.android.gms:play-services-ads-api:24.1.0] AndroidManifest.xml:108:13-79
252            android:value="true" />
252-->[com.google.android.gms:play-services-ads-api:24.1.0] AndroidManifest.xml:109:13-33
253        <meta-data
253-->[com.google.android.gms:play-services-ads-api:24.1.0] AndroidManifest.xml:110:9-112:36
254            android:name="com.google.android.gms.ads.flag.OPTIMIZE_INITIALIZATION"
254-->[com.google.android.gms:play-services-ads-api:24.1.0] AndroidManifest.xml:111:13-83
255            android:value="true" />
255-->[com.google.android.gms:play-services-ads-api:24.1.0] AndroidManifest.xml:112:13-33
256
257        <provider
257-->[com.google.firebase:firebase-common:20.4.3] AndroidManifest.xml:23:9-28:39
258            android:name="com.google.firebase.provider.FirebaseInitProvider"
258-->[com.google.firebase:firebase-common:20.4.3] AndroidManifest.xml:24:13-77
259            android:authorities="com.zeework.aadist.firebaseinitprovider"
259-->[com.google.firebase:firebase-common:20.4.3] AndroidManifest.xml:25:13-72
260            android:directBootAware="true"
260-->[com.google.firebase:firebase-common:20.4.3] AndroidManifest.xml:26:13-43
261            android:exported="false"
261-->[com.google.firebase:firebase-common:20.4.3] AndroidManifest.xml:27:13-37
262            android:initOrder="100" />
262-->[com.google.firebase:firebase-common:20.4.3] AndroidManifest.xml:28:13-36
263
264        <activity
264-->[com.google.android.gms:play-services-base:18.0.1] AndroidManifest.xml:20:9-22:45
265            android:name="com.google.android.gms.common.api.GoogleApiActivity"
265-->[com.google.android.gms:play-services-base:18.0.1] AndroidManifest.xml:20:19-85
266            android:exported="false"
266-->[com.google.android.gms:play-services-base:18.0.1] AndroidManifest.xml:22:19-43
267            android:theme="@android:style/Theme.Translucent.NoTitleBar" />
267-->[com.google.android.gms:play-services-base:18.0.1] AndroidManifest.xml:21:19-78
268
269        <receiver
269-->[com.google.android.gms:play-services-measurement:21.6.1] AndroidManifest.xml:29:9-33:20
270            android:name="com.google.android.gms.measurement.AppMeasurementReceiver"
270-->[com.google.android.gms:play-services-measurement:21.6.1] AndroidManifest.xml:30:13-85
271            android:enabled="true"
271-->[com.google.android.gms:play-services-measurement:21.6.1] AndroidManifest.xml:31:13-35
272            android:exported="false" >
272-->[com.google.android.gms:play-services-measurement:21.6.1] AndroidManifest.xml:32:13-37
273        </receiver>
274
275        <service
275-->[com.google.android.gms:play-services-measurement:21.6.1] AndroidManifest.xml:35:9-38:40
276            android:name="com.google.android.gms.measurement.AppMeasurementService"
276-->[com.google.android.gms:play-services-measurement:21.6.1] AndroidManifest.xml:36:13-84
277            android:enabled="true"
277-->[com.google.android.gms:play-services-measurement:21.6.1] AndroidManifest.xml:37:13-35
278            android:exported="false" />
278-->[com.google.android.gms:play-services-measurement:21.6.1] AndroidManifest.xml:38:13-37
279        <service
279-->[com.google.android.gms:play-services-measurement:21.6.1] AndroidManifest.xml:39:9-43:72
280            android:name="com.google.android.gms.measurement.AppMeasurementJobService"
280-->[com.google.android.gms:play-services-measurement:21.6.1] AndroidManifest.xml:40:13-87
281            android:enabled="true"
281-->[com.google.android.gms:play-services-measurement:21.6.1] AndroidManifest.xml:41:13-35
282            android:exported="false"
282-->[com.google.android.gms:play-services-measurement:21.6.1] AndroidManifest.xml:42:13-37
283            android:permission="android.permission.BIND_JOB_SERVICE" />
283-->[com.google.android.gms:play-services-measurement:21.6.1] AndroidManifest.xml:43:13-69
284
285        <provider
285-->[androidx.work:work-runtime:2.7.0] AndroidManifest.xml:31:9-39:20
286            android:name="androidx.startup.InitializationProvider"
286-->[androidx.work:work-runtime:2.7.0] AndroidManifest.xml:32:13-67
287            android:authorities="com.zeework.aadist.androidx-startup"
287-->[androidx.work:work-runtime:2.7.0] AndroidManifest.xml:33:13-68
288            android:exported="false" >
288-->[androidx.work:work-runtime:2.7.0] AndroidManifest.xml:34:13-37
289            <meta-data
289-->[androidx.work:work-runtime:2.7.0] AndroidManifest.xml:36:13-38:52
290                android:name="androidx.work.WorkManagerInitializer"